<?xml version="1.0" encoding="UTF-8"?>
<!-- Generated by org.testng.reporters.JUnitXMLReporter -->
<testsuite hostname="Sulmans-MacBook-Pro.local" failures="0" tests="3" name="Default test" time="6.084" errors="0" timestamp="31 Dec 2019 17:39:52 GMT">
  <testcase classname="PostTestCases.CreateNewEmployee" name="StatusCode" time="0.005"/>
  <testcase classname="PostTestCases.CreateNewEmployee" name="Responsebody" time="0.012"/>
  <testcase classname="PostTestCases.CreateNewEmployee" name="CheckStatusLine" time="0.002"/>
</testsuite> <!-- Default test -->
