<?xml version="1.0" encoding="UTF-8"?>
<!-- Generated by org.testng.reporters.JUnitXMLReporter -->
<testsuite hostname="Sulmans-MacBook-Pro.local" failures="0" tests="6" name="Test" time="6.525" errors="0" timestamp="31 Dec 2019 17:40:08 GMT">
  <testcase classname="GetTestCases.AllEmployeesInfo" name="ResponseBody" time="0.024"/>
  <testcase classname="GetTestCases.AllEmployeesInfo" name="ResponseTime" time="0.004"/>
  <testcase classname="GetTestCases.AllEmployeesInfo" name="StatusCode" time="0.004"/>
  <testcase classname="PostTestCases.CreateNewEmployee" name="StatusCode" time="0.003"/>
  <testcase classname="PostTestCases.CreateNewEmployee" name="Responsebody" time="0.005"/>
  <testcase classname="PostTestCases.CreateNewEmployee" name="CheckStatusLine" time="0.001"/>
</testsuite> <!-- Test -->
