<?xml version="1.0" encoding="UTF-8"?>
<testng-results total="6" passed="6" failed="0" skipped="0">
  <reporter-output>
  </reporter-output>
  <suite started-at="2019-12-31T17:39:56Z" name="Suite" finished-at="2019-12-31T17:40:03Z" duration-ms="6525">
    <groups>
    </groups>
    <test started-at="2019-12-31T17:39:56Z" name="Test" finished-at="2019-12-31T17:40:03Z" duration-ms="6525">
      <class name="PostTestCases.CreateNewEmployee">
        <test-method is-config="true" signature="Setup()[pri:0, instance:PostTestCases.CreateNewEmployee@14a50707]" started-at="2019-12-31T12:39:58Z" name="Setup" finished-at="2019-12-31T12:39:58Z" duration-ms="2" status="PASS">
          <reporter-output>
          </reporter-output>
        </test-method> <!-- Setup -->
        <test-method is-config="true" signature="createemployee()[pri:0, instance:PostTestCases.CreateNewEmployee@14a50707]" started-at="2019-12-31T12:39:58Z" name="createemployee" finished-at="2019-12-31T12:40:03Z" duration-ms="4588" status="PASS">
          <reporter-output>
          </reporter-output>
        </test-method> <!-- createemployee -->
        <test-method signature="StatusCode()[pri:1, instance:PostTestCases.CreateNewEmployee@14a50707]" started-at="2019-12-31T12:40:03Z" name="StatusCode" finished-at="2019-12-31T12:40:03Z" duration-ms="3" status="PASS">
          <reporter-output>
          </reporter-output>
        </test-method> <!-- StatusCode -->
        <test-method signature="Responsebody()[pri:2, instance:PostTestCases.CreateNewEmployee@14a50707]" started-at="2019-12-31T12:40:03Z" name="Responsebody" finished-at="2019-12-31T12:40:03Z" duration-ms="5" status="PASS">
          <reporter-output>
          </reporter-output>
        </test-method> <!-- Responsebody -->
        <test-method signature="CheckStatusLine()[pri:3, instance:PostTestCases.CreateNewEmployee@14a50707]" started-at="2019-12-31T12:40:03Z" name="CheckStatusLine" finished-at="2019-12-31T12:40:03Z" duration-ms="1" status="PASS">
          <reporter-output>
          </reporter-output>
        </test-method> <!-- CheckStatusLine -->
        <test-method is-config="true" signature="TesrDown()[pri:0, instance:PostTestCases.CreateNewEmployee@14a50707]" started-at="2019-12-31T12:40:03Z" name="TesrDown" finished-at="2019-12-31T12:40:03Z" duration-ms="0" status="PASS">
          <reporter-output>
          </reporter-output>
        </test-method> <!-- TesrDown -->
      </class> <!-- PostTestCases.CreateNewEmployee -->
      <class name="GetTestCases.AllEmployeesInfo">
        <test-method is-config="true" signature="Setup()[pri:0, instance:GetTestCases.AllEmployeesInfo@4c012563]" started-at="2019-12-31T12:39:56Z" name="Setup" finished-at="2019-12-31T12:39:56Z" duration-ms="36" status="PASS">
          <reporter-output>
          </reporter-output>
        </test-method> <!-- Setup -->
        <test-method is-config="true" signature="Allemployeesinfo()[pri:0, instance:GetTestCases.AllEmployeesInfo@4c012563]" started-at="2019-12-31T12:39:56Z" name="Allemployeesinfo" finished-at="2019-12-31T12:39:58Z" duration-ms="1624" status="PASS">
          <reporter-output>
          </reporter-output>
        </test-method> <!-- Allemployeesinfo -->
        <test-method signature="ResponseBody()[pri:0, instance:GetTestCases.AllEmployeesInfo@4c012563]" started-at="2019-12-31T12:39:58Z" name="ResponseBody" finished-at="2019-12-31T12:39:58Z" duration-ms="24" status="PASS">
          <reporter-output>
          </reporter-output>
        </test-method> <!-- ResponseBody -->
        <test-method signature="ResponseTime()[pri:0, instance:GetTestCases.AllEmployeesInfo@4c012563]" started-at="2019-12-31T12:39:58Z" name="ResponseTime" finished-at="2019-12-31T12:39:58Z" duration-ms="4" status="PASS">
          <reporter-output>
          </reporter-output>
        </test-method> <!-- ResponseTime -->
        <test-method signature="StatusCode()[pri:0, instance:GetTestCases.AllEmployeesInfo@4c012563]" started-at="2019-12-31T12:39:58Z" name="StatusCode" finished-at="2019-12-31T12:39:58Z" duration-ms="4" status="PASS">
          <reporter-output>
          </reporter-output>
        </test-method> <!-- StatusCode -->
      </class> <!-- GetTestCases.AllEmployeesInfo -->
    </test> <!-- Test -->
  </suite> <!-- Suite -->
</testng-results>
